warn: Microsoft.AspNetCore.Server.Kestrel.Core.KestrelServer[8]
      The ASP.NET Core developer certificate is not trusted. For information about trusting the ASP.NET Core developer certificate, see https://aka.ms/aspnet/https-trust-dev-cert.
info: Aspire.Hosting.DistributedApplication[0]
      Aspire version: 9.3.1+5bc26c78ff8c7be825d0ae33633a1ae9f1d64a67
info: Aspire.Hosting.DistributedApplication[0]
      Distributed application starting.
info: Aspire.Hosting.DistributedApplication[0]
      Application host directory is: /home/runner/work/FLINK.NET/FLINK.NET/FlinkDotNetAspire/FlinkDotNetAspire.AppHost.AppHost
info: Aspire.Hosting.DistributedApplication[0]
      Now listening on: https://localhost:17184
info: Aspire.Hosting.DistributedApplication[0]
      Login to the dashboard at https://localhost:17184/login?t=7af10b443eb3d133fbb07c153438358a
info: Aspire.Hosting.DistributedApplication[0]
      Distributed application started. Press Ctrl+C to shut down.
fail: Aspire.Hosting.Dcp.dcpctrl.ContainerReconciler[0]
      could not create the container	{"Container": {"name":"jobmanager-ytmrktkn"}, "Reconciliation": 5, "ContainerName": "jobmanager-ytmrktkn", "error": "object not found\ncontainer not found\ndocker command 'CreateContainer' returned with non-zero exit code -1: command output: Stdout: '' Stderr: ''"}
fail: Aspire.Hosting.Dcp.dcpctrl.ContainerReconciler[0]
      could not create the container	{"Container": {"name":"taskmanager9-hjzsqtzs"}, "Reconciliation": 52, "ContainerName": "taskmanager9-hjzsqtzs", "error": "object not found\ncontainer not found\ndocker command 'CreateContainer' returned with non-zero exit code -1: command output: Stdout: '' Stderr: ''"}
fail: Aspire.Hosting.Dcp.dcpctrl.ContainerReconciler[0]
      could not create the container	{"Container": {"name":"taskmanager2-rqwaecvf"}, "Reconciliation": 50, "ContainerName": "taskmanager2-rqwaecvf", "error": "object not found\ncontainer not found\ndocker command 'CreateContainer' returned with non-zero exit code -1: command output: Stdout: '' Stderr: ''"}
fail: Aspire.Hosting.Dcp.dcpctrl.ContainerReconciler[0]
      could not create the container	{"Container": {"name":"taskmanager1-paqukbph"}, "Reconciliation": 28, "ContainerName": "taskmanager1-paqukbph", "error": "object not found\ncontainer not found\ndocker command 'CreateContainer' returned with non-zero exit code -1: command output: Stdout: '' Stderr: ''"}
fail: Aspire.Hosting.Dcp.dcpctrl.ContainerReconciler[0]
      could not create the container	{"Container": {"name":"taskmanager4-jtxutfak"}, "Reconciliation": 54, "ContainerName": "taskmanager4-jtxutfak", "error": "object not found\ncontainer not found\ndocker command 'CreateContainer' returned with non-zero exit code -1: command output: Stdout: '' Stderr: ''"}
fail: Aspire.Hosting.Dcp.dcpctrl.ContainerReconciler[0]
      could not create the container	{"Container": {"name":"taskmanager5-pndkwhxv"}, "Reconciliation": 53, "ContainerName": "taskmanager5-pndkwhxv", "error": "object not found\ncontainer not found\ndocker command 'CreateContainer' returned with non-zero exit code -1: command output: Stdout: '' Stderr: ''"}
fail: Aspire.Hosting.Dcp.dcpctrl.ContainerReconciler[0]
      could not create the container	{"Container": {"name":"taskmanager3-bsybzksy"}, "Reconciliation": 55, "ContainerName": "taskmanager3-bsybzksy", "error": "object not found\ncontainer not found\ndocker command 'CreateContainer' returned with non-zero exit code -1: command output: Stdout: '' Stderr: ''"}
fail: Aspire.Hosting.Dcp.dcpctrl.ContainerReconciler[0]
      could not create the container	{"Container": {"name":"taskmanager6-wkutchxu"}, "Reconciliation": 56, "ContainerName": "taskmanager6-wkutchxu", "error": "object not found\ncontainer not found\ndocker command 'CreateContainer' returned with non-zero exit code -1: command output: Stdout: '' Stderr: ''"}
fail: Aspire.Hosting.Dcp.dcpctrl.ContainerReconciler[0]
      could not create the container	{"Container": {"name":"taskmanager12-enzjmmfr"}, "Reconciliation": 57, "ContainerName": "taskmanager12-enzjmmfr", "error": "object not found\ncontainer not found\ndocker command 'CreateContainer' returned with non-zero exit code -1: command output: Stdout: '' Stderr: ''"}
fail: Aspire.Hosting.Dcp.dcpctrl.ContainerReconciler[0]
      could not create the container	{"Container": {"name":"taskmanager11-kwtxnqej"}, "Reconciliation": 59, "ContainerName": "taskmanager11-kwtxnqej", "error": "object not found\ncontainer not found\ndocker command 'CreateContainer' returned with non-zero exit code -1: command output: Stdout: '' Stderr: ''"}
fail: Aspire.Hosting.Dcp.dcpctrl.ContainerReconciler[0]
      could not create the container	{"Container": {"name":"taskmanager13-mgsfxfna"}, "Reconciliation": 58, "ContainerName": "taskmanager13-mgsfxfna", "error": "object not found\ncontainer not found\ndocker command 'CreateContainer' returned with non-zero exit code -1: command output: Stdout: '' Stderr: ''"}
fail: Aspire.Hosting.Dcp.dcpctrl.ContainerReconciler[0]
      could not create the container	{"Container": {"name":"taskmanager16-hwdppjpb"}, "Reconciliation": 60, "ContainerName": "taskmanager16-hwdppjpb", "error": "object not found\ncontainer not found\ndocker command 'CreateContainer' returned with non-zero exit code -1: command output: Stdout: '' Stderr: ''"}
fail: Aspire.Hosting.Dcp.dcpctrl.ContainerReconciler[0]
      could not create the container	{"Container": {"name":"taskmanager18-pczfarzn"}, "Reconciliation": 65, "ContainerName": "taskmanager18-pczfarzn", "error": "object not found\ncontainer not found\ndocker command 'CreateContainer' returned with non-zero exit code -1: command output: Stdout: '' Stderr: ''"}
fail: Aspire.Hosting.Dcp.dcpctrl.ContainerReconciler[0]
      could not create the container	{"Container": {"name":"taskmanager17-zhpsapgs"}, "Reconciliation": 62, "ContainerName": "taskmanager17-zhpsapgs", "error": "object not found\ncontainer not found\ndocker command 'CreateContainer' returned with non-zero exit code -1: command output: Stdout: '' Stderr: ''"}
fail: Aspire.Hosting.Dcp.dcpctrl.ContainerReconciler[0]
      could not create the container	{"Container": {"name":"taskmanager14-udcgavkw"}, "Reconciliation": 66, "ContainerName": "taskmanager14-udcgavkw", "error": "object not found\ncontainer not found\ndocker command 'CreateContainer' returned with non-zero exit code -1: command output: Stdout: '' Stderr: ''"}
fail: Aspire.Hosting.Dcp.dcpctrl.ContainerReconciler[0]
      could not create the container	{"Container": {"name":"taskmanager19-frgtgmsg"}, "Reconciliation": 63, "ContainerName": "taskmanager19-frgtgmsg", "error": "object not found\ncontainer not found\ndocker command 'CreateContainer' returned with non-zero exit code -1: command output: Stdout: '' Stderr: ''"}
fail: Aspire.Hosting.Dcp.dcpctrl.ContainerReconciler[0]
      could not create the container	{"Container": {"name":"taskmanager8-rcubngqc"}, "Reconciliation": 61, "ContainerName": "taskmanager8-rcubngqc", "error": "object not found\ncontainer not found\ndocker command 'CreateContainer' returned with non-zero exit code -1: command output: Stdout: '' Stderr: ''"}
fail: Aspire.Hosting.Dcp.dcpctrl.ContainerReconciler[0]
      could not create the container	{"Container": {"name":"taskmanager20-tatywewn"}, "Reconciliation": 64, "ContainerName": "taskmanager20-tatywewn", "error": "object not found\ncontainer not found\ndocker command 'CreateContainer' returned with non-zero exit code -1: command output: Stdout: '' Stderr: ''"}
fail: Aspire.Hosting.Dcp.dcpctrl.ContainerReconciler[0]
      could not create the container	{"Container": {"name":"taskmanager15-wadtvqrm"}, "Reconciliation": 67, "ContainerName": "taskmanager15-wadtvqrm", "error": "object not found\ncontainer not found\ndocker command 'CreateContainer' returned with non-zero exit code -1: command output: Stdout: '' Stderr: ''"}
fail: Aspire.Hosting.Dcp.dcpctrl.ContainerReconciler[0]
      could not create the container	{"Container": {"name":"taskmanager10-rguzgkwy"}, "Reconciliation": 69, "ContainerName": "taskmanager10-rguzgkwy", "error": "object not found\ncontainer not found\ndocker command 'CreateContainer' returned with non-zero exit code -1: command output: Stdout: '' Stderr: ''"}
fail: Aspire.Hosting.Dcp.dcpctrl.ContainerReconciler[0]
      could not create the container	{"Container": {"name":"taskmanager7-kqntcyzd"}, "Reconciliation": 68, "ContainerName": "taskmanager7-kqntcyzd", "error": "object not found\ncontainer not found\ndocker command 'CreateContainer' returned with non-zero exit code -1: command output: Stdout: '' Stderr: ''"}
