nohup: ignoring input
warn: Microsoft.AspNetCore.Server.Kestrel.Core.KestrelServer[8]
      The ASP.NET Core developer certificate is not trusted. For information about trusting the ASP.NET Core developer certificate, see https://aka.ms/aspnet/https-trust-dev-cert.
info: Aspire.Hosting.DistributedApplication[0]
      Aspire version: 9.3.1+5bc26c78ff8c7be825d0ae33633a1ae9f1d64a67
info: Aspire.Hosting.DistributedApplication[0]
      Distributed application starting.
info: Aspire.Hosting.DistributedApplication[0]
      Application host directory is: /home/runner/work/FLINK.NET/FLINK.NET/FlinkDotNetAspire/FlinkDotNetAspire.AppHost.AppHost
warn: Microsoft.AspNetCore.DataProtection.KeyManagement.XmlKeyManager[35]
      No XML encryptor configured. Key {ce859581-df37-4877-9662-ff6c355bbdb7} may be persisted to storage in unencrypted form.
info: Aspire.Hosting.DistributedApplication[0]
      Now listening on: https://localhost:17184
info: Aspire.Hosting.DistributedApplication[0]
      Login to the dashboard at https://localhost:17184/login?t=47a1b239ea666d305663867379fbd13c
info: Aspire.Hosting.DistributedApplication[0]
      Distributed application started. Press Ctrl+C to shut down.
%6|1749668864.413|FAIL|rdkafka#producer-1| [thrd:localhost:9092/bootstrap]: localhost:9092/bootstrap: Disconnected while requesting ApiVersion: might be caused by incorrect security.protocol configuration (connecting to a SSL listener?) or broker version is < 0.10 (see api.version.request) (after 0ms in state APIVERSION_QUERY)
%3|1749668864.413|ERROR|rdkafka#producer-1| [thrd:localhost:9092/bootstrap]: 1/1 brokers are down
%3|1749668864.415|ERROR|rdkafka#producer-1| [thrd:app]: rdkafka#producer-1: localhost:9092/bootstrap: Disconnected while requesting ApiVersion: might be caused by incorrect security.protocol configuration (connecting to a SSL listener?) or broker version is < 0.10 (see api.version.request) (after 0ms in state APIVERSION_QUERY)
%6|1749668864.629|FAIL|rdkafka#producer-1| [thrd:localhost:9092/bootstrap]: localhost:9092/bootstrap: Disconnected while requesting ApiVersion: might be caused by incorrect security.protocol configuration (connecting to a SSL listener?) or broker version is < 0.10 (see api.version.request) (after 1ms in state APIVERSION_QUERY, 1 identical error(s) suppressed)
%3|1749668864.629|ERROR|rdkafka#producer-1| [thrd:app]: rdkafka#producer-1: localhost:9092/bootstrap: Disconnected while requesting ApiVersion: might be caused by incorrect security.protocol configuration (connecting to a SSL listener?) or broker version is < 0.10 (see api.version.request) (after 1ms in state APIVERSION_QUERY, 1 identical error(s) suppressed)
