MSBuild version 17.8.27+3ab07f0cf for .NET
  Determining projects to restore...
  All projects are up-to-date for restore.
  FlinkDotNet.Core.Abstractions -> /home/runner/work/FLINK.NET/FLINK.NET/FlinkDotNet/FlinkDotNet.Core.Abstractions/bin/Debug/net8.0/FlinkDotNet.Core.Abstractions.dll
  FlinkDotNet.Connectors.Sinks.Console -> /home/runner/work/FLINK.NET/FLINK.NET/FlinkDotNet/FlinkDotNet.Connectors.Sinks.Console/bin/Debug/net8.0/FlinkDotNet.Connectors.Sinks.Console.dll
  FlinkDotNet.Common.Constants -> /home/runner/work/FLINK.NET/FLINK.NET/FlinkDotNet/FlinkDotNet.Common.Constants/bin/Debug/net8.0/FlinkDotNet.Common.Constants.dll
  FlinkDotNet.Storage.FileSystem -> /home/runner/work/FLINK.NET/FLINK.NET/FlinkDotNet/FlinkDotNet.Storage.FileSystem/bin/Debug/net8.0/FlinkDotNet.Storage.FileSystem.dll
  FlinkDotNet.Connectors.Sources.File -> /home/runner/work/FLINK.NET/FLINK.NET/FlinkDotNet/FlinkDotNet.Connectors.Sources.File/bin/Debug/net8.0/FlinkDotNet.Connectors.Sources.File.dll
  FlinkDotNet.Connectors.Sinks.Console.Tests -> /home/runner/work/FLINK.NET/FLINK.NET/FlinkDotNet/FlinkDotNet.Connectors.Sinks.Console.Tests/bin/Debug/net8.0/FlinkDotNet.Connectors.Sinks.Console.Tests.dll
  FlinkDotNet.Storage.RocksDB -> /home/runner/work/FLINK.NET/FLINK.NET/FlinkDotNet/FlinkDotNet.Storage.RocksDB/bin/Debug/net8.0/FlinkDotNet.Storage.RocksDB.dll
  FlinkDotNet.Core -> /home/runner/work/FLINK.NET/FLINK.NET/FlinkDotNet/FlinkDotNet.Core/bin/Debug/net8.0/FlinkDotNet.Core.dll
  FlinkDotNet.Connectors.Sources.Kafka -> /home/runner/work/FLINK.NET/FLINK.NET/FlinkDotNet/FlinkDotNet.Connectors.Sources.Kafka/bin/Debug/net8.0/FlinkDotNet.Connectors.Sources.Kafka.dll
  FlinkDotNet.Connectors.Sources.File.Tests -> /home/runner/work/FLINK.NET/FLINK.NET/FlinkDotNet/FlinkDotNet.Connectors.Sources.File.Tests/bin/Debug/net8.0/FlinkDotNet.Connectors.Sources.File.Tests.dll
  FlinkDotNet.Core.Tests -> /home/runner/work/FLINK.NET/FLINK.NET/FlinkDotNet/FlinkDotNet.Core.Tests/bin/Debug/net8.0/FlinkDotNet.Core.Tests.dll
  FlinkDotNet.Common.Constants.Tests -> /home/runner/work/FLINK.NET/FLINK.NET/FlinkDotNet/FlinkDotNet.Common.Constants.Tests/bin/Debug/net8.0/FlinkDotNet.Common.Constants.Tests.dll
  FlinkDotNet.JobManager -> /home/runner/work/FLINK.NET/FLINK.NET/FlinkDotNet/FlinkDotNet.JobManager/bin/Debug/net8.0/FlinkDotNet.JobManager.dll
  FlinkDotNet.Storage.FileSystem.Tests -> /home/runner/work/FLINK.NET/FLINK.NET/FlinkDotNet/FlinkDotNet.Storage.FileSystem.Tests/bin/Debug/net8.0/FlinkDotNet.Storage.FileSystem.Tests.dll
  FlinkDotNet.Core.Api -> /home/runner/work/FLINK.NET/FLINK.NET/FlinkDotNet/FlinkDotNet.Core.Api/bin/Debug/net8.0/FlinkDotNet.Core.Api.dll
  FlinkDotNet.Table.Api -> /home/runner/work/FLINK.NET/FLINK.NET/FlinkDotNet/FlinkDotNet.Table.Api/bin/Debug/net8.0/FlinkDotNet.Table.Api.dll
  FlinkDotNet.TaskManager -> /home/runner/work/FLINK.NET/FLINK.NET/FlinkDotNet/FlinkDotNet.TaskManager/bin/Debug/net8.0/FlinkDotNet.TaskManager.dll
  FlinkDotNet.JobManager.Tests -> /home/runner/work/FLINK.NET/FLINK.NET/FlinkDotNet/FlinkDotNet.JobManager.Tests/bin/Debug/net8.0/FlinkDotNet.JobManager.Tests.dll
  FlinkDotNet.Architecture.Tests -> /home/runner/work/FLINK.NET/FLINK.NET/FlinkDotNet/FlinkDotNet.Architecture.Tests/bin/Debug/net8.0/FlinkDotNet.Architecture.Tests.dll

Build succeeded.
    0 Warning(s)
    0 Error(s)

Time Elapsed 00:00:02.76
