=== SONARCLOUD WORKFLOW STARTED ===
Installing SonarCloud scanner...
Skipping NuGet package signature verification.
You can invoke the tool using the following command: dotnet-sonarscanner
Tool 'dotnet-sonarscanner' (version '10.2.0') was successfully installed.
Installing .NET Aspire Workload...
Unhandled exception: Microsoft.NET.Sdk.WorkloadManifestReader.WorkloadManifestCompositionException: Workload manifest dependency 'Microsoft.NET.Workload.Emscripten.Current' version '8.0.16' is lower than version '8.0.17' required by manifest 'microsoft.net.workload.mono.toolchain.current' [/home/runner/.dotnet/sdk-manifests/8.0.100/microsoft.net.workload.mono.toolchain.current/8.0.17/WorkloadManifest.json]
   at Microsoft.NET.Sdk.WorkloadManifestReader.WorkloadResolver.ComposeWorkloadManifests()
   at Microsoft.NET.Sdk.WorkloadManifestReader.WorkloadResolver.Create(IWorkloadManifestProvider manifestProvider, String dotnetRootPath, String sdkVersion, String userProfileDir)
   at Microsoft.DotNet.Workloads.Workload.Install.WorkloadResolverFactory.Create(String globalJsonStartDir)
   at Microsoft.DotNet.Workloads.Workload.InstallingWorkloadCommand..ctor(ParseResult parseResult, IReporter reporter, IWorkloadResolverFactory workloadResolverFactory, IInstaller workloadInstaller, INuGetPackageDownloader nugetPackageDownloader, IWorkloadManifestUpdater workloadManifestUpdater, String tempDirPath)
   at Microsoft.DotNet.Workloads.Workload.Install.WorkloadInstallCommand..ctor(ParseResult parseResult, IReporter reporter, IWorkloadResolverFactory workloadResolverFactory, IInstaller workloadInstaller, INuGetPackageDownloader nugetPackageDownloader, IWorkloadManifestUpdater workloadManifestUpdater, String tempDirPath, IReadOnlyCollection`1 workloadIds)
   at Microsoft.DotNet.Cli.WorkloadInstallCommandParser.<>c.<ConstructCommand>b__6_0(ParseResult parseResult)
   at System.CommandLine.Invocation.InvocationPipeline.Invoke(ParseResult parseResult)
   at Microsoft.DotNet.Cli.Program.ProcessArgs(String[] args, TimeSpan startupTime, ITelemetry telemetryClient)
Installing workloads: 

Skipping NuGet package signature verification.
Skipping NuGet package signature verification.
Garbage collecting for SDK feature band(s) 8.0.100...
Uninstalling workload pack Aspire.ProjectTemplates version 8.0.0-preview.1.23557.2...

Successfully installed workload(s) .

Installing workloads: 

Skipping NuGet package signature verification.
Installing pack Aspire.Hosting.Sdk version 8.2.2...
Writing workload pack installation record for Aspire.Hosting.Sdk version 8.2.2...
Installing pack Aspire.ProjectTemplates version 8.2.2...
Writing workload pack installation record for Aspire.ProjectTemplates version 8.2.2...
Garbage collecting for SDK feature band(s) 8.0.100...

Successfully installed workload(s) aspire.

Installing workloads: 

Skipping NuGet package signature verification.
Skipping NuGet package signature verification.
Installing pack Aspire.Hosting.Sdk version 8.2.2...
Pack Aspire.Hosting.Sdk version 8.2.2 is already installed.
Writing workload pack installation record for Aspire.Hosting.Sdk version 8.2.2...
Installing pack Aspire.ProjectTemplates version 8.2.2...
Pack Aspire.ProjectTemplates version 8.2.2 is already installed.
Writing workload pack installation record for Aspire.ProjectTemplates version 8.2.2...
Garbage collecting for SDK feature band(s) 8.0.100...

Successfully installed workload(s) aspire.

SONAR_TOKEN not set - skipping SonarCloud analysis
Running Build FlinkDotNet
