MSBuild version 17.8.27+3ab07f0cf for .NET
Build started 06/14/2025 02:05:11.
     1>Project "/home/runner/work/FLINK.NET/FLINK.NET/FlinkDotNetAspire/FlinkDotNetAspire.sln" on node 1 (Restore target(s)).
     1>ValidateSolutionConfiguration:
         Building solution configuration "Debug|Any CPU".
       _GetAllRestoreProjectPathItems:
         Determining projects to restore...
     1>Project "/home/runner/work/FLINK.NET/FLINK.NET/FlinkDotNetAspire/FlinkDotNetAspire.sln" (1) is building "/home/runner/work/FLINK.NET/FLINK.NET/FlinkDotNetAspire/FlinkDotNetAspire.AppHost.AppHost/FlinkDotNetAspire.AppHost.AppHost.csproj" (6:5) on node 4 (_GenerateRestoreGraphProjectEntry target(s)).
     6>AddReferenceToDashboardAndDCP:
         "/usr/lib/dotnet/dotnet" exec "/home/runner/.nuget/packages/aspire.apphost.sdk/9.3.1/tools/net8.0/Aspire.RuntimeIdentifier.Tool.dll" --runtimeGraphPath "/usr/lib/dotnet/sdk/8.0.116/RuntimeIdentifierGraph.json" --supportedRids "win-x64,win-x86,win-arm64,linux-x64,linux-arm64,osx-x64,osx-arm64" --netcoreSdkRuntimeIdentifier "ubuntu.24.04-x64"
     6>Done Building Project "/home/runner/work/FLINK.NET/FLINK.NET/FlinkDotNetAspire/FlinkDotNetAspire.AppHost.AppHost/FlinkDotNetAspire.AppHost.AppHost.csproj" (_GenerateRestoreGraphProjectEntry target(s)).
     1>Restore:
         X.509 certificate chain validation will use the fallback certificate bundle at '/usr/lib/dotnet/sdk/8.0.116/trustedroots/codesignctl.pem'.
         X.509 certificate chain validation will use the fallback certificate bundle at '/usr/lib/dotnet/sdk/8.0.116/trustedroots/timestampctl.pem'.
         Assets file has not changed. Skipping assets file writing. Path: /home/runner/work/FLINK.NET/FLINK.NET/FlinkDotNet/FlinkDotNet.Core/obj/project.assets.json
         Assets file has not changed. Skipping assets file writing. Path: /home/runner/work/FLINK.NET/FLINK.NET/FlinkDotNet/FlinkDotNet.Storage.FileSystem/obj/project.assets.json
         Assets file has not changed. Skipping assets file writing. Path: /home/runner/work/FLINK.NET/FLINK.NET/FlinkDotNet/FlinkDotNet.Core.Api/obj/project.assets.json
         Assets file has not changed. Skipping assets file writing. Path: /home/runner/work/FLINK.NET/FLINK.NET/FlinkDotNet/FlinkDotNet.JobManager/obj/project.assets.json
         Restored /home/runner/work/FLINK.NET/FLINK.NET/FlinkDotNet/FlinkDotNet.Core.Api/FlinkDotNet.Core.Api.csproj (in 81 ms).
         Restored /home/runner/work/FLINK.NET/FLINK.NET/FlinkDotNet/FlinkDotNet.Core/FlinkDotNet.Core.csproj (in 81 ms).
         Restored /home/runner/work/FLINK.NET/FLINK.NET/FlinkDotNet/FlinkDotNet.JobManager/FlinkDotNet.JobManager.csproj (in 81 ms).
         Restored /home/runner/work/FLINK.NET/FLINK.NET/FlinkDotNet/FlinkDotNet.Storage.FileSystem/FlinkDotNet.Storage.FileSystem.csproj (in 81 ms).
         Assets file has not changed. Skipping assets file writing. Path: /home/runner/work/FLINK.NET/FLINK.NET/FlinkDotNetAspire/IntegrationTestVerifier/obj/project.assets.json
         Restored /home/runner/work/FLINK.NET/FLINK.NET/FlinkDotNetAspire/IntegrationTestVerifier/IntegrationTestVerifier.csproj (in 0.8 ms).
         Assets file has not changed. Skipping assets file writing. Path: /home/runner/work/FLINK.NET/FLINK.NET/FlinkDotNetAspire/FlinkDotNetAspire.AppHost.AppHost/obj/project.assets.json
         Restored /home/runner/work/FLINK.NET/FLINK.NET/FlinkDotNetAspire/FlinkDotNetAspire.AppHost.AppHost/FlinkDotNetAspire.AppHost.AppHost.csproj (in 1 ms).
         Assets file has not changed. Skipping assets file writing. Path: /home/runner/work/FLINK.NET/FLINK.NET/FlinkDotNet/FlinkDotNet.Storage.RocksDB/obj/project.assets.json
         Restored /home/runner/work/FLINK.NET/FLINK.NET/FlinkDotNet/FlinkDotNet.Storage.RocksDB/FlinkDotNet.Storage.RocksDB.csproj (in 1 ms).
         Assets file has not changed. Skipping assets file writing. Path: /home/runner/work/FLINK.NET/FLINK.NET/FlinkDotNet/FlinkDotNet.TaskManager/obj/project.assets.json
         Restored /home/runner/work/FLINK.NET/FLINK.NET/FlinkDotNet/FlinkDotNet.TaskManager/FlinkDotNet.TaskManager.csproj (in 2 ms).
         Assets file has not changed. Skipping assets file writing. Path: /home/runner/work/FLINK.NET/FLINK.NET/FlinkDotNetAspire/FlinkDotNetAspire.AppHost.ServiceDefaults/obj/project.assets.json
         Restored /home/runner/work/FLINK.NET/FLINK.NET/FlinkDotNetAspire/FlinkDotNetAspire.AppHost.ServiceDefaults/FlinkDotNetAspire.AppHost.ServiceDefaults.csproj (in 0.7 ms).
         Assets file has not changed. Skipping assets file writing. Path: /home/runner/work/FLINK.NET/FLINK.NET/FlinkDotNetAspire/FlinkJobSimulator/obj/project.assets.json
         Restored /home/runner/work/FLINK.NET/FLINK.NET/FlinkDotNetAspire/FlinkJobSimulator/FlinkJobSimulator.csproj (in 2 ms).
         Assets file has not changed. Skipping assets file writing. Path: /home/runner/work/FLINK.NET/FLINK.NET/FlinkDotNet/FlinkDotNet.Core.Abstractions/obj/project.assets.json
         Restored /home/runner/work/FLINK.NET/FLINK.NET/FlinkDotNet/FlinkDotNet.Core.Abstractions/FlinkDotNet.Core.Abstractions.csproj (in 0.4 ms).
         Assets file has not changed. Skipping assets file writing. Path: /home/runner/work/FLINK.NET/FLINK.NET/FlinkDotNet/FlinkDotNet.Connectors.Sources.File/obj/project.assets.json
         Restored /home/runner/work/FLINK.NET/FLINK.NET/FlinkDotNet/FlinkDotNet.Connectors.Sources.File/FlinkDotNet.Connectors.Sources.File.csproj (in 0.4 ms).
         Assets file has not changed. Skipping assets file writing. Path: /home/runner/work/FLINK.NET/FLINK.NET/FlinkDotNetAspire/FlinkDotNetAspire.IntegrationTests/obj/project.assets.json
         Restored /home/runner/work/FLINK.NET/FLINK.NET/FlinkDotNetAspire/FlinkDotNetAspire.IntegrationTests/FlinkDotNetAspire.IntegrationTests.csproj (in 3 ms).
         Assets file has not changed. Skipping assets file writing. Path: /home/runner/work/FLINK.NET/FLINK.NET/FlinkDotNet/FlinkDotNet.Connectors.Sinks.Console/obj/project.assets.json
         Restored /home/runner/work/FLINK.NET/FLINK.NET/FlinkDotNet/FlinkDotNet.Connectors.Sinks.Console/FlinkDotNet.Connectors.Sinks.Console.csproj (in 0.6 ms).
         Assets file has not changed. Skipping assets file writing. Path: /home/runner/work/FLINK.NET/FLINK.NET/FlinkDotNet/FlinkDotNet.Common.Constants/obj/project.assets.json
         Restored /home/runner/work/FLINK.NET/FLINK.NET/FlinkDotNet/FlinkDotNet.Common.Constants/FlinkDotNet.Common.Constants.csproj (in 0.3 ms).
     1>/home/runner/work/FLINK.NET/FLINK.NET/FlinkDotNetAspire/FlinkDotnetStandardReliabilityTest/FlinkDotnetStandardReliabilityTest.csproj : warning NU1603: FlinkDotnetStandardReliabilityTest depends on xunit.runner.visualstudio (>= 2.6.0) but xunit.runner.visualstudio 2.6.0 was not found. An approximate best match of xunit.runner.visualstudio 2.8.0 was resolved. [/home/runner/work/FLINK.NET/FLINK.NET/FlinkDotNetAspire/FlinkDotNetAspire.sln]
         Assets file has not changed. Skipping assets file writing. Path: /home/runner/work/FLINK.NET/FLINK.NET/FlinkDotNetAspire/FlinkDotnetStandardReliabilityTest/obj/project.assets.json
         Restored /home/runner/work/FLINK.NET/FLINK.NET/FlinkDotNetAspire/FlinkDotnetStandardReliabilityTest/FlinkDotnetStandardReliabilityTest.csproj (in 5 ms).
         
         NuGet Config files used:
             /home/runner/.nuget/NuGet/NuGet.Config
         
         Feeds used:
             https://api.nuget.org/v3/index.json
         All projects are up-to-date for restore.
     1>Done Building Project "/home/runner/work/FLINK.NET/FLINK.NET/FlinkDotNetAspire/FlinkDotNetAspire.sln" (Restore target(s)).
   1:2>Project "/home/runner/work/FLINK.NET/FLINK.NET/FlinkDotNetAspire/FlinkDotNetAspire.sln" on node 1 (default targets).
     1>ValidateSolutionConfiguration:
         Building solution configuration "Debug|Any CPU".
   1:2>Project "/home/runner/work/FLINK.NET/FLINK.NET/FlinkDotNetAspire/FlinkDotNetAspire.sln" (1:2) is building "/home/runner/work/FLINK.NET/FLINK.NET/FlinkDotNetAspire/FlinkDotNetAspire.AppHost.AppHost/FlinkDotNetAspire.AppHost.AppHost.csproj" (6:7) on node 3 (default targets).
     6>AddReferenceToDashboardAndDCP:
         "/usr/lib/dotnet/dotnet" exec "/home/runner/.nuget/packages/aspire.apphost.sdk/9.3.1/tools/net8.0/Aspire.RuntimeIdentifier.Tool.dll" --runtimeGraphPath "/usr/lib/dotnet/sdk/8.0.116/RuntimeIdentifierGraph.json" --supportedRids "win-x64,win-x86,win-arm64,linux-x64,linux-arm64,osx-x64,osx-arm64" --netcoreSdkRuntimeIdentifier "ubuntu.24.04-x64"
   1:2>Project "/home/runner/work/FLINK.NET/FLINK.NET/FlinkDotNetAspire/FlinkDotNetAspire.sln" (1:2) is building "/home/runner/work/FLINK.NET/FLINK.NET/FlinkDotNetAspire/FlinkDotNetAspire.AppHost.ServiceDefaults/FlinkDotNetAspire.AppHost.ServiceDefaults.csproj" (3:6) on node 2 (default targets).
     3>GenerateTargetFrameworkMonikerAttribute:
       Skipping target "GenerateTargetFrameworkMonikerAttribute" because all output files are up-to-date with respect to the input files.
       CoreGenerateAssemblyInfo:
       Skipping target "CoreGenerateAssemblyInfo" because all output files are up-to-date with respect to the input files.
       _GenerateSourceLinkFile:
         Source Link file 'obj/Debug/net8.0/FlinkDotNetAspire.AppHost.ServiceDefaults.sourcelink.json' is up-to-date.
       CoreCompile:
       Skipping target "CoreCompile" because all output files are up-to-date with respect to the input files.
       GenerateBuildDependencyFile:
       Skipping target "GenerateBuildDependencyFile" because all output files are up-to-date with respect to the input files.
       CopyFilesToOutputDirectory:
         FlinkDotNetAspire.AppHost.ServiceDefaults -> /home/runner/work/FLINK.NET/FLINK.NET/FlinkDotNetAspire/FlinkDotNetAspire.AppHost.ServiceDefaults/bin/Debug/net8.0/FlinkDotNetAspire.AppHost.ServiceDefaults.dll
     3>Done Building Project "/home/runner/work/FLINK.NET/FLINK.NET/FlinkDotNetAspire/FlinkDotNetAspire.AppHost.ServiceDefaults/FlinkDotNetAspire.AppHost.ServiceDefaults.csproj" (default targets).
   1:2>Project "/home/runner/work/FLINK.NET/FLINK.NET/FlinkDotNetAspire/FlinkDotNetAspire.sln" (1:2) is building "/home/runner/work/FLINK.NET/FLINK.NET/FlinkDotNetAspire/IntegrationTestVerifier/IntegrationTestVerifier.csproj" (2:6) on node 4 (default targets).
   2:6>Project "/home/runner/work/FLINK.NET/FLINK.NET/FlinkDotNetAspire/IntegrationTestVerifier/IntegrationTestVerifier.csproj" (2:6) is building "/home/runner/work/FLINK.NET/FLINK.NET/FlinkDotNet/FlinkDotNet.Common.Constants/FlinkDotNet.Common.Constants.csproj" (11:11) on node 4 (default targets).
    11>GenerateTargetFrameworkMonikerAttribute:
       Skipping target "GenerateTargetFrameworkMonikerAttribute" because all output files are up-to-date with respect to the input files.
       CoreGenerateAssemblyInfo:
       Skipping target "CoreGenerateAssemblyInfo" because all output files are up-to-date with respect to the input files.
       _GenerateSourceLinkFile:
         Source Link file 'obj/Debug/net8.0/FlinkDotNet.Common.Constants.sourcelink.json' is up-to-date.
       CoreCompile:
       Skipping target "CoreCompile" because all output files are up-to-date with respect to the input files.
       GenerateBuildDependencyFile:
       Skipping target "GenerateBuildDependencyFile" because all output files are up-to-date with respect to the input files.
       CopyFilesToOutputDirectory:
         FlinkDotNet.Common.Constants -> /home/runner/work/FLINK.NET/FLINK.NET/FlinkDotNet/FlinkDotNet.Common.Constants/bin/Debug/net8.0/FlinkDotNet.Common.Constants.dll
    11>Done Building Project "/home/runner/work/FLINK.NET/FLINK.NET/FlinkDotNet/FlinkDotNet.Common.Constants/FlinkDotNet.Common.Constants.csproj" (default targets).
     2>GenerateTargetFrameworkMonikerAttribute:
       Skipping target "GenerateTargetFrameworkMonikerAttribute" because all output files are up-to-date with respect to the input files.
       CoreGenerateAssemblyInfo:
       Skipping target "CoreGenerateAssemblyInfo" because all output files are up-to-date with respect to the input files.
       _GenerateSourceLinkFile:
         Source Link file 'obj/Debug/net8.0/IntegrationTestVerifier.sourcelink.json' is up-to-date.
       CoreCompile:
       Skipping target "CoreCompile" because all output files are up-to-date with respect to the input files.
       _CreateAppHost:
       Skipping target "_CreateAppHost" because all output files are up-to-date with respect to the input files.
       _CopyOutOfDateSourceItemsToOutputDirectory:
       Skipping target "_CopyOutOfDateSourceItemsToOutputDirectory" because all output files are up-to-date with respect to the input files.
       GenerateBuildDependencyFile:
       Skipping target "GenerateBuildDependencyFile" because all output files are up-to-date with respect to the input files.
       GenerateBuildRuntimeConfigurationFiles:
       Skipping target "GenerateBuildRuntimeConfigurationFiles" because all output files are up-to-date with respect to the input files.
       CopyFilesToOutputDirectory:
         IntegrationTestVerifier -> /home/runner/work/FLINK.NET/FLINK.NET/FlinkDotNetAspire/IntegrationTestVerifier/bin/Debug/net8.0/FlinkDotNet.IntegrationTestVerifier.dll
     2>Done Building Project "/home/runner/work/FLINK.NET/FLINK.NET/FlinkDotNetAspire/IntegrationTestVerifier/IntegrationTestVerifier.csproj" (default targets).
   1:2>Project "/home/runner/work/FLINK.NET/FLINK.NET/FlinkDotNetAspire/FlinkDotNetAspire.sln" (1:2) is building "/home/runner/work/FLINK.NET/FLINK.NET/FlinkDotNetAspire/FlinkDotnetStandardReliabilityTest/FlinkDotnetStandardReliabilityTest.csproj" (4:6) on node 2 (default targets).
     4>/home/runner/work/FLINK.NET/FLINK.NET/FlinkDotNetAspire/FlinkDotnetStandardReliabilityTest/FlinkDotnetStandardReliabilityTest.csproj : warning NU1603: FlinkDotnetStandardReliabilityTest depends on xunit.runner.visualstudio (>= 2.6.0) but xunit.runner.visualstudio 2.6.0 was not found. An approximate best match of xunit.runner.visualstudio 2.8.0 was resolved.
   1:2>Project "/home/runner/work/FLINK.NET/FLINK.NET/FlinkDotNetAspire/FlinkDotNetAspire.sln" (1:2) is building "/home/runner/work/FLINK.NET/FLINK.NET/FlinkDotNetAspire/FlinkJobSimulator/FlinkJobSimulator.csproj" (9:7) on node 1 (default targets).
   9:7>Project "/home/runner/work/FLINK.NET/FLINK.NET/FlinkDotNetAspire/FlinkJobSimulator/FlinkJobSimulator.csproj" (9:7) is building "/home/runner/work/FLINK.NET/FLINK.NET/FlinkDotNet/FlinkDotNet.JobManager/FlinkDotNet.JobManager.csproj" (8:14) on node 1 (default targets).
  8:14>Project "/home/runner/work/FLINK.NET/FLINK.NET/FlinkDotNet/FlinkDotNet.JobManager/FlinkDotNet.JobManager.csproj" (8:14) is building "/home/runner/work/FLINK.NET/FLINK.NET/FlinkDotNet/FlinkDotNet.Core.Abstractions/FlinkDotNet.Core.Abstractions.csproj" (10:20) on node 3 (default targets).
    10>GenerateTargetFrameworkMonikerAttribute:
       Skipping target "GenerateTargetFrameworkMonikerAttribute" because all output files are up-to-date with respect to the input files.
       CoreGenerateAssemblyInfo:
       Skipping target "CoreGenerateAssemblyInfo" because all output files are up-to-date with respect to the input files.
       _GenerateSourceLinkFile:
         Source Link file 'obj/Debug/net8.0/FlinkDotNet.Core.Abstractions.sourcelink.json' is up-to-date.
       CoreCompile:
       Skipping target "CoreCompile" because all output files are up-to-date with respect to the input files.
       GenerateBuildDependencyFile:
       Skipping target "GenerateBuildDependencyFile" because all output files are up-to-date with respect to the input files.
       CopyFilesToOutputDirectory:
         FlinkDotNet.Core.Abstractions -> /home/runner/work/FLINK.NET/FLINK.NET/FlinkDotNet/FlinkDotNet.Core.Abstractions/bin/Debug/net8.0/FlinkDotNet.Core.Abstractions.dll
    10>Done Building Project "/home/runner/work/FLINK.NET/FLINK.NET/FlinkDotNet/FlinkDotNet.Core.Abstractions/FlinkDotNet.Core.Abstractions.csproj" (default targets).
  8:14>Project "/home/runner/work/FLINK.NET/FLINK.NET/FlinkDotNet/FlinkDotNet.JobManager/FlinkDotNet.JobManager.csproj" (8:14) is building "/home/runner/work/FLINK.NET/FLINK.NET/FlinkDotNet/FlinkDotNet.Storage.RocksDB/FlinkDotNet.Storage.RocksDB.csproj" (15:10) on node 1 (default targets).
    15>GenerateTargetFrameworkMonikerAttribute:
       Skipping target "GenerateTargetFrameworkMonikerAttribute" because all output files are up-to-date with respect to the input files.
       CoreGenerateAssemblyInfo:
       Skipping target "CoreGenerateAssemblyInfo" because all output files are up-to-date with respect to the input files.
       _GenerateSourceLinkFile:
         Source Link file 'obj/Debug/net8.0/FlinkDotNet.Storage.RocksDB.sourcelink.json' is up-to-date.
       CoreCompile:
       Skipping target "CoreCompile" because all output files are up-to-date with respect to the input files.
       GenerateBuildDependencyFile:
       Skipping target "GenerateBuildDependencyFile" because all output files are up-to-date with respect to the input files.
       CopyFilesToOutputDirectory:
         FlinkDotNet.Storage.RocksDB -> /home/runner/work/FLINK.NET/FLINK.NET/FlinkDotNet/FlinkDotNet.Storage.RocksDB/bin/Debug/net8.0/FlinkDotNet.Storage.RocksDB.dll
    15>Done Building Project "/home/runner/work/FLINK.NET/FLINK.NET/FlinkDotNet/FlinkDotNet.Storage.RocksDB/FlinkDotNet.Storage.RocksDB.csproj" (default targets).
     8>GenerateTargetFrameworkMonikerAttribute:
       Skipping target "GenerateTargetFrameworkMonikerAttribute" because all output files are up-to-date with respect to the input files.
       _Protobuf_GatherStaleBatched:
       Skipping target "_Protobuf_GatherStaleBatched" because all output files are up-to-date with respect to the input files.
       CoreGenerateAssemblyInfo:
       Skipping target "CoreGenerateAssemblyInfo" because all output files are up-to-date with respect to the input files.
       _DiscoverMvcApplicationParts:
       Skipping target "_DiscoverMvcApplicationParts" because all output files are up-to-date with respect to the input files.
       _GenerateSourceLinkFile:
         Source Link file 'obj/Debug/net8.0/FlinkDotNet.JobManager.sourcelink.json' is up-to-date.
       CoreCompile:
       Skipping target "CoreCompile" because all output files are up-to-date with respect to the input files.
       _CreateAppHost:
       Skipping target "_CreateAppHost" because all output files are up-to-date with respect to the input files.
       _GenerateScopedCssFiles:
       Skipping target "_GenerateScopedCssFiles" because it has no outputs.
       _GenerateScopedCssFiles:
       Skipping target "_GenerateScopedCssFiles" because it has no outputs.
       _BuildCopyStaticWebAssetsPreserveNewest:
       Skipping target "_BuildCopyStaticWebAssetsPreserveNewest" because it has no outputs.
       _CopyOutOfDateSourceItemsToOutputDirectory:
       Skipping target "_CopyOutOfDateSourceItemsToOutputDirectory" because all output files are up-to-date with respect to the input files.
       GenerateBuildDependencyFile:
       Skipping target "GenerateBuildDependencyFile" because all output files are up-to-date with respect to the input files.
       GenerateBuildRuntimeConfigurationFiles:
       Skipping target "GenerateBuildRuntimeConfigurationFiles" because all output files are up-to-date with respect to the input files.
       CopyFilesToOutputDirectory:
         FlinkDotNet.JobManager -> /home/runner/work/FLINK.NET/FLINK.NET/FlinkDotNet/FlinkDotNet.JobManager/bin/Debug/net8.0/FlinkDotNet.JobManager.dll
     8>Done Building Project "/home/runner/work/FLINK.NET/FLINK.NET/FlinkDotNet/FlinkDotNet.JobManager/FlinkDotNet.JobManager.csproj" (default targets).
   9:7>Project "/home/runner/work/FLINK.NET/FLINK.NET/FlinkDotNetAspire/FlinkJobSimulator/FlinkJobSimulator.csproj" (9:7) is building "/home/runner/work/FLINK.NET/FLINK.NET/FlinkDotNet/FlinkDotNet.Connectors.Sources.File/FlinkDotNet.Connectors.Sources.File.csproj" (12:10) on node 4 (default targets).
    12>GenerateTargetFrameworkMonikerAttribute:
       Skipping target "GenerateTargetFrameworkMonikerAttribute" because all output files are up-to-date with respect to the input files.
       CoreGenerateAssemblyInfo:
       Skipping target "CoreGenerateAssemblyInfo" because all output files are up-to-date with respect to the input files.
       _GenerateSourceLinkFile:
         Source Link file 'obj/Debug/net8.0/FlinkDotNet.Connectors.Sources.File.sourcelink.json' is up-to-date.
       CoreCompile:
       Skipping target "CoreCompile" because all output files are up-to-date with respect to the input files.
       GenerateBuildDependencyFile:
       Skipping target "GenerateBuildDependencyFile" because all output files are up-to-date with respect to the input files.
       CopyFilesToOutputDirectory:
         FlinkDotNet.Connectors.Sources.File -> /home/runner/work/FLINK.NET/FLINK.NET/FlinkDotNet/FlinkDotNet.Connectors.Sources.File/bin/Debug/net8.0/FlinkDotNet.Connectors.Sources.File.dll
    12>Done Building Project "/home/runner/work/FLINK.NET/FLINK.NET/FlinkDotNet/FlinkDotNet.Connectors.Sources.File/FlinkDotNet.Connectors.Sources.File.csproj" (default targets).
   9:7>Project "/home/runner/work/FLINK.NET/FLINK.NET/FlinkDotNetAspire/FlinkJobSimulator/FlinkJobSimulator.csproj" (9:7) is building "/home/runner/work/FLINK.NET/FLINK.NET/FlinkDotNet/FlinkDotNet.Connectors.Sinks.Console/FlinkDotNet.Connectors.Sinks.Console.csproj" (13:10) on node 3 (default targets).
    13>GenerateTargetFrameworkMonikerAttribute:
       Skipping target "GenerateTargetFrameworkMonikerAttribute" because all output files are up-to-date with respect to the input files.
       CoreGenerateAssemblyInfo:
       Skipping target "CoreGenerateAssemblyInfo" because all output files are up-to-date with respect to the input files.
   6:7>Project "/home/runner/work/FLINK.NET/FLINK.NET/FlinkDotNetAspire/FlinkDotNetAspire.AppHost.AppHost/FlinkDotNetAspire.AppHost.AppHost.csproj" (6:7) is building "/home/runner/work/FLINK.NET/FLINK.NET/FlinkDotNet/FlinkDotNet.TaskManager/FlinkDotNet.TaskManager.csproj" (7:11) on node 2 (default targets).
  7:11>Project "/home/runner/work/FLINK.NET/FLINK.NET/FlinkDotNet/FlinkDotNet.TaskManager/FlinkDotNet.TaskManager.csproj" (7:11) is building "/home/runner/work/FLINK.NET/FLINK.NET/FlinkDotNet/FlinkDotNet.Core/FlinkDotNet.Core.csproj" (16:8) on node 2 (default targets).
    16>GenerateTargetFrameworkMonikerAttribute:
       Skipping target "GenerateTargetFrameworkMonikerAttribute" because all output files are up-to-date with respect to the input files.
    13>_GenerateSourceLinkFile:
         Source Link file 'obj/Debug/net8.0/FlinkDotNet.Connectors.Sinks.Console.sourcelink.json' is up-to-date.
    16>CoreGenerateAssemblyInfo:
       Skipping target "CoreGenerateAssemblyInfo" because all output files are up-to-date with respect to the input files.
    13>CoreCompile:
       Skipping target "CoreCompile" because all output files are up-to-date with respect to the input files.
    16>_GenerateSourceLinkFile:
         Source Link file 'obj/Debug/net8.0/FlinkDotNet.Core.sourcelink.json' is up-to-date.
       CoreCompile:
       Skipping target "CoreCompile" because all output files are up-to-date with respect to the input files.
    13>GenerateBuildDependencyFile:
       Skipping target "GenerateBuildDependencyFile" because all output files are up-to-date with respect to the input files.
       CopyFilesToOutputDirectory:
         FlinkDotNet.Connectors.Sinks.Console -> /home/runner/work/FLINK.NET/FLINK.NET/FlinkDotNet/FlinkDotNet.Connectors.Sinks.Console/bin/Debug/net8.0/FlinkDotNet.Connectors.Sinks.Console.dll
    16>GenerateBuildDependencyFile:
       Skipping target "GenerateBuildDependencyFile" because all output files are up-to-date with respect to the input files.
       CopyFilesToOutputDirectory:
         FlinkDotNet.Core -> /home/runner/work/FLINK.NET/FLINK.NET/FlinkDotNet/FlinkDotNet.Core/bin/Debug/net8.0/FlinkDotNet.Core.dll
    13>Done Building Project "/home/runner/work/FLINK.NET/FLINK.NET/FlinkDotNet/FlinkDotNet.Connectors.Sinks.Console/FlinkDotNet.Connectors.Sinks.Console.csproj" (default targets).
  7:11>Project "/home/runner/work/FLINK.NET/FLINK.NET/FlinkDotNet/FlinkDotNet.TaskManager/FlinkDotNet.TaskManager.csproj" (7:11) is building "/home/runner/work/FLINK.NET/FLINK.NET/FlinkDotNet/FlinkDotNet.Storage.FileSystem/FlinkDotNet.Storage.FileSystem.csproj" (17:8) on node 4 (default targets).
    17>GenerateTargetFrameworkMonikerAttribute:
       Skipping target "GenerateTargetFrameworkMonikerAttribute" because all output files are up-to-date with respect to the input files.
    16>Done Building Project "/home/runner/work/FLINK.NET/FLINK.NET/FlinkDotNet/FlinkDotNet.Core/FlinkDotNet.Core.csproj" (default targets).
    17>CoreGenerateAssemblyInfo:
       Skipping target "CoreGenerateAssemblyInfo" because all output files are up-to-date with respect to the input files.
       _GenerateSourceLinkFile:
         Source Link file 'obj/Debug/net8.0/FlinkDotNet.Storage.FileSystem.sourcelink.json' is up-to-date.
       CoreCompile:
       Skipping target "CoreCompile" because all output files are up-to-date with respect to the input files.
       GenerateBuildDependencyFile:
       Skipping target "GenerateBuildDependencyFile" because all output files are up-to-date with respect to the input files.
       CopyFilesToOutputDirectory:
         FlinkDotNet.Storage.FileSystem -> /home/runner/work/FLINK.NET/FLINK.NET/FlinkDotNet/FlinkDotNet.Storage.FileSystem/bin/Debug/net8.0/FlinkDotNet.Storage.FileSystem.dll
    17>Done Building Project "/home/runner/work/FLINK.NET/FLINK.NET/FlinkDotNet/FlinkDotNet.Storage.FileSystem/FlinkDotNet.Storage.FileSystem.csproj" (default targets).
   9:7>Project "/home/runner/work/FLINK.NET/FLINK.NET/FlinkDotNetAspire/FlinkJobSimulator/FlinkJobSimulator.csproj" (9:7) is building "/home/runner/work/FLINK.NET/FLINK.NET/FlinkDotNet/FlinkDotNet.Core.Api/FlinkDotNet.Core.Api.csproj" (14:11) on node 1 (default targets).
    14>GenerateTargetFrameworkMonikerAttribute:
       Skipping target "GenerateTargetFrameworkMonikerAttribute" because all output files are up-to-date with respect to the input files.
       CoreGenerateAssemblyInfo:
       Skipping target "CoreGenerateAssemblyInfo" because all output files are up-to-date with respect to the input files.
       _GenerateSourceLinkFile:
         Source Link file 'obj/Debug/net8.0/FlinkDotNet.Core.Api.sourcelink.json' is up-to-date.
       CoreCompile:
       Skipping target "CoreCompile" because all output files are up-to-date with respect to the input files.
       _CopyOutOfDateSourceItemsToOutputDirectory:
       Skipping target "_CopyOutOfDateSourceItemsToOutputDirectory" because all output files are up-to-date with respect to the input files.
       GenerateBuildDependencyFile:
       Skipping target "GenerateBuildDependencyFile" because all output files are up-to-date with respect to the input files.
       CopyFilesToOutputDirectory:
         FlinkDotNet.Core.Api -> /home/runner/work/FLINK.NET/FLINK.NET/FlinkDotNet/FlinkDotNet.Core.Api/bin/Debug/net8.0/FlinkDotNet.Core.Api.dll
    14>Done Building Project "/home/runner/work/FLINK.NET/FLINK.NET/FlinkDotNet/FlinkDotNet.Core.Api/FlinkDotNet.Core.Api.csproj" (default targets).
     7>GenerateTargetFrameworkMonikerAttribute:
       Skipping target "GenerateTargetFrameworkMonikerAttribute" because all output files are up-to-date with respect to the input files.
       CoreGenerateAssemblyInfo:
       Skipping target "CoreGenerateAssemblyInfo" because all output files are up-to-date with respect to the input files.
       _GenerateSourceLinkFile:
         Source Link file 'obj/Debug/net8.0/FlinkDotNet.TaskManager.sourcelink.json' is up-to-date.
       CoreCompile:
       Skipping target "CoreCompile" because all output files are up-to-date with respect to the input files.
       _CreateAppHost:
       Skipping target "_CreateAppHost" because all output files are up-to-date with respect to the input files.
       _CopyOutOfDateSourceItemsToOutputDirectory:
       Skipping target "_CopyOutOfDateSourceItemsToOutputDirectory" because all output files are up-to-date with respect to the input files.
       GenerateBuildDependencyFile:
       Skipping target "GenerateBuildDependencyFile" because all output files are up-to-date with respect to the input files.
       GenerateBuildRuntimeConfigurationFiles:
       Skipping target "GenerateBuildRuntimeConfigurationFiles" because all output files are up-to-date with respect to the input files.
       CopyFilesToOutputDirectory:
         FlinkDotNet.TaskManager -> /home/runner/work/FLINK.NET/FLINK.NET/FlinkDotNet/FlinkDotNet.TaskManager/bin/Debug/net8.0/FlinkDotNet.TaskManager.dll
     7>Done Building Project "/home/runner/work/FLINK.NET/FLINK.NET/FlinkDotNet/FlinkDotNet.TaskManager/FlinkDotNet.TaskManager.csproj" (default targets).
     9>GenerateTargetFrameworkMonikerAttribute:
       Skipping target "GenerateTargetFrameworkMonikerAttribute" because all output files are up-to-date with respect to the input files.
       _Protobuf_GatherStaleBatched:
       Skipping target "_Protobuf_GatherStaleBatched" because all output files are up-to-date with respect to the input files.
       CoreGenerateAssemblyInfo:
       Skipping target "CoreGenerateAssemblyInfo" because all output files are up-to-date with respect to the input files.
       _GenerateSourceLinkFile:
         Source Link file 'obj/Debug/net8.0/FlinkJobSimulator.sourcelink.json' is up-to-date.
       CoreCompile:
       Skipping target "CoreCompile" because all output files are up-to-date with respect to the input files.
       _CreateAppHost:
       Skipping target "_CreateAppHost" because all output files are up-to-date with respect to the input files.
       _CopyOutOfDateSourceItemsToOutputDirectory:
       Skipping target "_CopyOutOfDateSourceItemsToOutputDirectory" because all output files are up-to-date with respect to the input files.
     4>GenerateTargetFrameworkMonikerAttribute:
       Skipping target "GenerateTargetFrameworkMonikerAttribute" because all output files are up-to-date with respect to the input files.
     9>GenerateBuildDependencyFile:
       Skipping target "GenerateBuildDependencyFile" because all output files are up-to-date with respect to the input files.
     4>CoreGenerateAssemblyInfo:
       Skipping target "CoreGenerateAssemblyInfo" because all output files are up-to-date with respect to the input files.
     9>GenerateBuildRuntimeConfigurationFiles:
       Skipping target "GenerateBuildRuntimeConfigurationFiles" because all output files are up-to-date with respect to the input files.
       CopyFilesToOutputDirectory:
         FlinkJobSimulator -> /home/runner/work/FLINK.NET/FLINK.NET/FlinkDotNetAspire/FlinkJobSimulator/bin/Debug/net8.0/FlinkJobSimulator.dll
     9>Done Building Project "/home/runner/work/FLINK.NET/FLINK.NET/FlinkDotNetAspire/FlinkJobSimulator/FlinkJobSimulator.csproj" (default targets).
     6>GenerateTargetFrameworkMonikerAttribute:
       Skipping target "GenerateTargetFrameworkMonikerAttribute" because all output files are up-to-date with respect to the input files.
       CoreGenerateAssemblyInfo:
       Skipping target "CoreGenerateAssemblyInfo" because all output files are up-to-date with respect to the input files.
     4>_GenerateSourceLinkFile:
         Source Link file 'obj/Debug/net8.0/FlinkDotnetStandardReliabilityTest.sourcelink.json' is up-to-date.
       CoreCompile:
       Skipping target "CoreCompile" because all output files are up-to-date with respect to the input files.
       _CopyOutOfDateSourceItemsToOutputDirectory:
       Skipping target "_CopyOutOfDateSourceItemsToOutputDirectory" because all output files are up-to-date with respect to the input files.
       GenerateBuildDependencyFile:
       Skipping target "GenerateBuildDependencyFile" because all output files are up-to-date with respect to the input files.
       GenerateBuildRuntimeConfigurationFiles:
       Skipping target "GenerateBuildRuntimeConfigurationFiles" because all output files are up-to-date with respect to the input files.
       CopyFilesToOutputDirectory:
         FlinkDotnetStandardReliabilityTest -> /home/runner/work/FLINK.NET/FLINK.NET/FlinkDotNetAspire/FlinkDotnetStandardReliabilityTest/bin/Debug/net8.0/FlinkDotnetStandardReliabilityTest.dll
     4>Done Building Project "/home/runner/work/FLINK.NET/FLINK.NET/FlinkDotNetAspire/FlinkDotnetStandardReliabilityTest/FlinkDotnetStandardReliabilityTest.csproj" (default targets).
     6>_GenerateSourceLinkFile:
         Source Link file 'obj/Debug/net8.0/FlinkDotNetAspire.AppHost.AppHost.sourcelink.json' is up-to-date.
       CoreCompile:
       Skipping target "CoreCompile" because all output files are up-to-date with respect to the input files.
       _CreateAppHost:
       Skipping target "_CreateAppHost" because all output files are up-to-date with respect to the input files.
       _CopyOutOfDateSourceItemsToOutputDirectory:
       Skipping target "_CopyOutOfDateSourceItemsToOutputDirectory" because all output files are up-to-date with respect to the input files.
       GenerateBuildDependencyFile:
       Skipping target "GenerateBuildDependencyFile" because all output files are up-to-date with respect to the input files.
       GenerateBuildRuntimeConfigurationFiles:
       Skipping target "GenerateBuildRuntimeConfigurationFiles" because all output files are up-to-date with respect to the input files.
       CopyFilesToOutputDirectory:
         FlinkDotNetAspire.AppHost.AppHost -> /home/runner/work/FLINK.NET/FLINK.NET/FlinkDotNetAspire/FlinkDotNetAspire.AppHost.AppHost/bin/Debug/net8.0/FlinkDotNetAspire.AppHost.AppHost.dll
     6>Done Building Project "/home/runner/work/FLINK.NET/FLINK.NET/FlinkDotNetAspire/FlinkDotNetAspire.AppHost.AppHost/FlinkDotNetAspire.AppHost.AppHost.csproj" (default targets).
   1:2>Project "/home/runner/work/FLINK.NET/FLINK.NET/FlinkDotNetAspire/FlinkDotNetAspire.sln" (1:2) is building "/home/runner/work/FLINK.NET/FLINK.NET/FlinkDotNetAspire/FlinkDotNetAspire.IntegrationTests/FlinkDotNetAspire.IntegrationTests.csproj" (5:6) on node 2 (default targets).
     5>GenerateTargetFrameworkMonikerAttribute:
       Skipping target "GenerateTargetFrameworkMonikerAttribute" because all output files are up-to-date with respect to the input files.
       CoreGenerateAssemblyInfo:
       Skipping target "CoreGenerateAssemblyInfo" because all output files are up-to-date with respect to the input files.
       _GenerateSourceLinkFile:
         Source Link file 'obj/Debug/net8.0/FlinkDotNetAspire.IntegrationTests.sourcelink.json' is up-to-date.
       CoreCompile:
       Skipping target "CoreCompile" because all output files are up-to-date with respect to the input files.
       _CopyOutOfDateSourceItemsToOutputDirectory:
       Skipping target "_CopyOutOfDateSourceItemsToOutputDirectory" because all output files are up-to-date with respect to the input files.
       GenerateBuildDependencyFile:
       Skipping target "GenerateBuildDependencyFile" because all output files are up-to-date with respect to the input files.
       GenerateBuildRuntimeConfigurationFiles:
       Skipping target "GenerateBuildRuntimeConfigurationFiles" because all output files are up-to-date with respect to the input files.
       CopyFilesToOutputDirectory:
         FlinkDotNetAspire.IntegrationTests -> /home/runner/work/FLINK.NET/FLINK.NET/FlinkDotNetAspire/FlinkDotNetAspire.IntegrationTests/bin/Debug/net8.0/FlinkDotNetAspire.IntegrationTests.dll
     5>Done Building Project "/home/runner/work/FLINK.NET/FLINK.NET/FlinkDotNetAspire/FlinkDotNetAspire.IntegrationTests/FlinkDotNetAspire.IntegrationTests.csproj" (default targets).
     1>Done Building Project "/home/runner/work/FLINK.NET/FLINK.NET/FlinkDotNetAspire/FlinkDotNetAspire.sln" (default targets).

Build succeeded.

       "/home/runner/work/FLINK.NET/FLINK.NET/FlinkDotNetAspire/FlinkDotNetAspire.sln" (Restore target) (1) ->
       (Restore target) -> 
         /home/runner/work/FLINK.NET/FLINK.NET/FlinkDotNetAspire/FlinkDotnetStandardReliabilityTest/FlinkDotnetStandardReliabilityTest.csproj : warning NU1603: FlinkDotnetStandardReliabilityTest depends on xunit.runner.visualstudio (>= 2.6.0) but xunit.runner.visualstudio 2.6.0 was not found. An approximate best match of xunit.runner.visualstudio 2.8.0 was resolved. [/home/runner/work/FLINK.NET/FLINK.NET/FlinkDotNetAspire/FlinkDotNetAspire.sln]


       "/home/runner/work/FLINK.NET/FLINK.NET/FlinkDotNetAspire/FlinkDotNetAspire.sln" (default target) (1:2) ->
       "/home/runner/work/FLINK.NET/FLINK.NET/FlinkDotNetAspire/FlinkDotnetStandardReliabilityTest/FlinkDotnetStandardReliabilityTest.csproj" (default target) (4:6) ->
       (ResolvePackageAssets target) -> 
         /home/runner/work/FLINK.NET/FLINK.NET/FlinkDotNetAspire/FlinkDotnetStandardReliabilityTest/FlinkDotnetStandardReliabilityTest.csproj : warning NU1603: FlinkDotnetStandardReliabilityTest depends on xunit.runner.visualstudio (>= 2.6.0) but xunit.runner.visualstudio 2.6.0 was not found. An approximate best match of xunit.runner.visualstudio 2.8.0 was resolved.

    2 Warning(s)
    0 Error(s)

Time Elapsed 00:00:03.70
